[2026-07-05T15:51:51.524+0000] {local_task_job_runner.py:120} INFO - ::group::Pre task execution logs
[2026-07-05T15:51:51.551+0000] {taskinstance.py:2076} INFO - Dependencies all met for dep_context=non-requeueable deps ti=<TaskInstance: stock_anomaly_pipeline.save_results scheduled__2026-07-05T14:00:00+00:00 [queued]>
[2026-07-05T15:51:51.559+0000] {taskinstance.py:2076} INFO - Dependencies all met for dep_context=requeueable deps ti=<TaskInstance: stock_anomaly_pipeline.save_results scheduled__2026-07-05T14:00:00+00:00 [queued]>
[2026-07-05T15:51:51.562+0000] {taskinstance.py:2306} INFO - Starting attempt 1 of 2
[2026-07-05T15:51:51.577+0000] {taskinstance.py:2330} INFO - Executing <Task(PythonOperator): save_results> on 2026-07-05 14:00:00+00:00
[2026-07-05T15:51:51.586+0000] {standard_task_runner.py:90} INFO - Running: ['***', 'tasks', 'run', 'stock_anomaly_pipeline', 'save_results', 'scheduled__2026-07-05T14:00:00+00:00', '--job-id', '6', '--raw', '--subdir', 'DAGS_FOLDER/stock_pipeline_dag.py', '--cfg-path', '/tmp/tmp0v1y15j4']
[2026-07-05T15:51:51.587+0000] {logging_mixin.py:188} WARNING - /home/***/.local/lib/python3.12/site-packages/***/task/task_runner/standard_task_runner.py:61 DeprecationWarning: This process (pid=484) is multi-threaded, use of fork() may lead to deadlocks in the child.
[2026-07-05T15:51:51.591+0000] {standard_task_runner.py:91} INFO - Job 6: Subtask save_results
[2026-07-05T15:51:51.592+0000] {standard_task_runner.py:63} INFO - Started process 486 to run task
[2026-07-05T15:51:51.713+0000] {task_command.py:426} INFO - Running <TaskInstance: stock_anomaly_pipeline.save_results scheduled__2026-07-05T14:00:00+00:00 [running]> on host 3b0d51f12343
[2026-07-05T15:51:51.934+0000] {taskinstance.py:2648} INFO - Exporting env vars: AIRFLOW_CTX_DAG_OWNER='shane' AIRFLOW_CTX_DAG_ID='stock_anomaly_pipeline' AIRFLOW_CTX_TASK_ID='save_results' AIRFLOW_CTX_EXECUTION_DATE='2026-07-05T14:00:00+00:00' AIRFLOW_CTX_TRY_NUMBER='1' AIRFLOW_CTX_DAG_RUN_ID='scheduled__2026-07-05T14:00:00+00:00'
[2026-07-05T15:51:51.937+0000] {taskinstance.py:430} INFO - ::endgroup::
[2026-07-05T15:51:52.038+0000] {logging_mixin.py:188} INFO - Pipeline complete.
[2026-07-05T15:51:52.040+0000] {logging_mixin.py:188} INFO - Total points: 105
[2026-07-05T15:51:52.042+0000] {logging_mixin.py:188} INFO - Anomalies: 0 (0.0%)
[2026-07-05T15:51:52.044+0000] {logging_mixin.py:188} INFO - Report saved to /opt/***/model/pipeline_report.json
[2026-07-05T15:51:52.046+0000] {python.py:237} INFO - Done. Returned value was: None
[2026-07-05T15:51:52.049+0000] {taskinstance.py:441} INFO - ::group::Post task execution logs
[2026-07-05T15:51:52.068+0000] {taskinstance.py:1206} INFO - Marking task as SUCCESS. dag_id=stock_anomaly_pipeline, task_id=save_results, run_id=scheduled__2026-07-05T14:00:00+00:00, execution_date=20260705T140000, start_date=20260705T155151, end_date=20260705T155152
[2026-07-05T15:51:52.133+0000] {local_task_job_runner.py:240} INFO - Task exited with return code 0
[2026-07-05T15:51:52.171+0000] {taskinstance.py:3498} INFO - 0 downstream tasks scheduled from follow-on schedule check
[2026-07-05T15:51:52.183+0000] {local_task_job_runner.py:222} INFO - ::endgroup::
