[2026-07-05T15:30:21.325+0000] {manager.py:470} INFO - Processing files using up to 2 processes at a time 
[2026-07-05T15:30:21.328+0000] {manager.py:471} INFO - Process each file at most once every 30 seconds
[2026-07-05T15:30:21.330+0000] {manager.py:472} INFO - Checking for new files in /opt/airflow/dags every 300 seconds
[2026-07-05T15:30:21.331+0000] {manager.py:737} INFO - Searching for files in /opt/airflow/dags
[2026-07-05T15:30:21.346+0000] {manager.py:740} INFO - There are 1 files in /opt/airflow/dags
[2026-07-05T15:30:21.476+0000] {manager.py:878} INFO - 
================================================================================
DAG File Processing Stats

File Path                                  PID  Runtime      # DAGs    # Errors  Last Runtime    Last Run
---------------------------------------  -----  ---------  --------  ----------  --------------  ----------
/opt/airflow/dags/stock_pipeline_dag.py    175  0.05s             0           0
================================================================================
[2026-07-05T15:30:51.724+0000] {manager.py:878} INFO - 
================================================================================
DAG File Processing Stats

File Path                                PID    Runtime      # DAGs    # Errors  Last Runtime    Last Run
---------------------------------------  -----  ---------  --------  ----------  --------------  -------------------
/opt/airflow/dags/stock_pipeline_dag.py                           0           1  1.28s           2026-07-05T15:30:22
================================================================================
[2026-07-05T15:31:22.272+0000] {manager.py:878} INFO - 
================================================================================
DAG File Processing Stats

File Path                                PID    Runtime      # DAGs    # Errors  Last Runtime    Last Run
---------------------------------------  -----  ---------  --------  ----------  --------------  -------------------
/opt/airflow/dags/stock_pipeline_dag.py                           0           1  0.46s           2026-07-05T15:30:53
================================================================================
[2026-07-05T15:31:52.735+0000] {manager.py:878} INFO - 
================================================================================
DAG File Processing Stats

File Path                                PID    Runtime      # DAGs    # Errors  Last Runtime    Last Run
---------------------------------------  -----  ---------  --------  ----------  --------------  -------------------
/opt/airflow/dags/stock_pipeline_dag.py                           0           1  0.49s           2026-07-05T15:31:23
================================================================================
[2026-07-05T15:32:23.018+0000] {manager.py:878} INFO - 
================================================================================
DAG File Processing Stats

File Path                                PID    Runtime      # DAGs    # Errors  Last Runtime    Last Run
---------------------------------------  -----  ---------  --------  ----------  --------------  -------------------
/opt/airflow/dags/stock_pipeline_dag.py                           0           1  0.79s           2026-07-05T15:31:54
================================================================================
[2026-07-05T15:32:53.402+0000] {manager.py:878} INFO - 
================================================================================
DAG File Processing Stats

File Path                                PID    Runtime      # DAGs    # Errors  Last Runtime    Last Run
---------------------------------------  -----  ---------  --------  ----------  --------------  -------------------
/opt/airflow/dags/stock_pipeline_dag.py                           0           1  0.71s           2026-07-05T15:32:25
================================================================================
[2026-07-05T15:33:23.685+0000] {manager.py:878} INFO - 
================================================================================
DAG File Processing Stats

File Path                                PID    Runtime      # DAGs    # Errors  Last Runtime    Last Run
---------------------------------------  -----  ---------  --------  ----------  --------------  -------------------
/opt/airflow/dags/stock_pipeline_dag.py                           0           1  0.41s           2026-07-05T15:32:56
================================================================================
[2026-07-05T15:33:53.989+0000] {manager.py:878} INFO - 
================================================================================
DAG File Processing Stats

File Path                                PID    Runtime      # DAGs    # Errors  Last Runtime    Last Run
---------------------------------------  -----  ---------  --------  ----------  --------------  -------------------
/opt/airflow/dags/stock_pipeline_dag.py                           0           1  0.41s           2026-07-05T15:33:27
================================================================================
[2026-07-05T15:34:24.259+0000] {manager.py:878} INFO - 
================================================================================
DAG File Processing Stats

File Path                                PID    Runtime      # DAGs    # Errors  Last Runtime    Last Run
---------------------------------------  -----  ---------  --------  ----------  --------------  -------------------
/opt/airflow/dags/stock_pipeline_dag.py                           0           1  0.79s           2026-07-05T15:33:58
================================================================================
[2026-07-05T15:34:54.719+0000] {manager.py:878} INFO - 
================================================================================
DAG File Processing Stats

File Path                                PID    Runtime      # DAGs    # Errors  Last Runtime    Last Run
---------------------------------------  -----  ---------  --------  ----------  --------------  -------------------
/opt/airflow/dags/stock_pipeline_dag.py                           0           1  0.44s           2026-07-05T15:34:28
================================================================================
[2026-07-05T15:35:21.607+0000] {manager.py:737} INFO - Searching for files in /opt/airflow/dags
[2026-07-05T15:35:21.659+0000] {manager.py:740} INFO - There are 1 files in /opt/airflow/dags
[2026-07-05T15:35:25.240+0000] {manager.py:878} INFO - 
================================================================================
DAG File Processing Stats

File Path                                PID    Runtime      # DAGs    # Errors  Last Runtime    Last Run
---------------------------------------  -----  ---------  --------  ----------  --------------  -------------------
/opt/airflow/dags/stock_pipeline_dag.py                           0           1  0.38s           2026-07-05T15:34:59
================================================================================
[2026-07-05T15:35:55.506+0000] {manager.py:878} INFO - 
================================================================================
DAG File Processing Stats

File Path                                PID    Runtime      # DAGs    # Errors  Last Runtime    Last Run
---------------------------------------  -----  ---------  --------  ----------  --------------  -------------------
/opt/airflow/dags/stock_pipeline_dag.py                           0           1  0.60s           2026-07-05T15:35:30
================================================================================
[2026-07-05T15:36:25.850+0000] {manager.py:878} INFO - 
================================================================================
DAG File Processing Stats

File Path                                PID    Runtime      # DAGs    # Errors  Last Runtime    Last Run
---------------------------------------  -----  ---------  --------  ----------  --------------  -------------------
/opt/airflow/dags/stock_pipeline_dag.py                           0           1  0.37s           2026-07-05T15:36:00
================================================================================
[2026-07-05T15:36:56.449+0000] {manager.py:878} INFO - 
================================================================================
DAG File Processing Stats

File Path                                PID    Runtime      # DAGs    # Errors  Last Runtime    Last Run
---------------------------------------  -----  ---------  --------  ----------  --------------  -------------------
/opt/airflow/dags/stock_pipeline_dag.py                           0           1  0.39s           2026-07-05T15:36:31
================================================================================
[2026-07-05T15:37:26.512+0000] {manager.py:878} INFO - 
================================================================================
DAG File Processing Stats

File Path                                PID    Runtime      # DAGs    # Errors  Last Runtime    Last Run
---------------------------------------  -----  ---------  --------  ----------  --------------  -------------------
/opt/airflow/dags/stock_pipeline_dag.py                           0           1  0.41s           2026-07-05T15:37:02
================================================================================
[2026-07-05T15:37:56.790+0000] {manager.py:878} INFO - 
================================================================================
DAG File Processing Stats

File Path                                PID    Runtime      # DAGs    # Errors  Last Runtime    Last Run
---------------------------------------  -----  ---------  --------  ----------  --------------  -------------------
/opt/airflow/dags/stock_pipeline_dag.py                           0           1  0.50s           2026-07-05T15:37:33
================================================================================
[2026-07-05T15:38:26.964+0000] {manager.py:878} INFO - 
================================================================================
DAG File Processing Stats

File Path                                PID    Runtime      # DAGs    # Errors  Last Runtime    Last Run
---------------------------------------  -----  ---------  --------  ----------  --------------  -------------------
/opt/airflow/dags/stock_pipeline_dag.py                           0           1  0.40s           2026-07-05T15:38:03
================================================================================
[2026-07-05T15:38:57.811+0000] {manager.py:878} INFO - 
================================================================================
DAG File Processing Stats

File Path                                PID    Runtime      # DAGs    # Errors  Last Runtime    Last Run
---------------------------------------  -----  ---------  --------  ----------  --------------  -------------------
/opt/airflow/dags/stock_pipeline_dag.py                           0           1  0.72s           2026-07-05T15:38:34
================================================================================
[2026-07-05T15:39:28.217+0000] {manager.py:878} INFO - 
================================================================================
DAG File Processing Stats

File Path                                PID    Runtime      # DAGs    # Errors  Last Runtime    Last Run
---------------------------------------  -----  ---------  --------  ----------  --------------  -------------------
/opt/airflow/dags/stock_pipeline_dag.py                           0           1  0.45s           2026-07-05T15:39:05
================================================================================
[2026-07-05T15:39:58.234+0000] {manager.py:878} INFO - 
================================================================================
DAG File Processing Stats

File Path                                PID    Runtime      # DAGs    # Errors  Last Runtime    Last Run
---------------------------------------  -----  ---------  --------  ----------  --------------  -------------------
/opt/airflow/dags/stock_pipeline_dag.py                           0           1  0.46s           2026-07-05T15:39:36
================================================================================
[2026-07-05T15:40:21.980+0000] {manager.py:737} INFO - Searching for files in /opt/airflow/dags
[2026-07-05T15:40:22.054+0000] {manager.py:740} INFO - There are 1 files in /opt/airflow/dags
[2026-07-05T15:40:29.141+0000] {manager.py:878} INFO - 
================================================================================
DAG File Processing Stats

File Path                                PID    Runtime      # DAGs    # Errors  Last Runtime    Last Run
---------------------------------------  -----  ---------  --------  ----------  --------------  -------------------
/opt/airflow/dags/stock_pipeline_dag.py                           0           1  0.58s           2026-07-05T15:40:06
================================================================================
[2026-07-05T15:40:59.440+0000] {manager.py:878} INFO - 
================================================================================
DAG File Processing Stats

File Path                                PID    Runtime      # DAGs    # Errors  Last Runtime    Last Run
---------------------------------------  -----  ---------  --------  ----------  --------------  -------------------
/opt/airflow/dags/stock_pipeline_dag.py                           0           1  0.38s           2026-07-05T15:40:37
================================================================================
[2026-07-05T15:41:30.095+0000] {manager.py:878} INFO - 
================================================================================
DAG File Processing Stats

File Path                                PID    Runtime      # DAGs    # Errors  Last Runtime    Last Run
---------------------------------------  -----  ---------  --------  ----------  --------------  -------------------
/opt/airflow/dags/stock_pipeline_dag.py                           0           1  0.34s           2026-07-05T15:41:08
================================================================================
[2026-07-05T15:42:00.211+0000] {manager.py:878} INFO - 
================================================================================
DAG File Processing Stats

File Path                                PID    Runtime      # DAGs    # Errors  Last Runtime    Last Run
---------------------------------------  -----  ---------  --------  ----------  --------------  -------------------
/opt/airflow/dags/stock_pipeline_dag.py                           0           1  0.48s           2026-07-05T15:41:39
================================================================================
[2026-07-05T15:42:30.482+0000] {manager.py:878} INFO - 
================================================================================
DAG File Processing Stats

File Path                                PID    Runtime      # DAGs    # Errors  Last Runtime    Last Run
---------------------------------------  -----  ---------  --------  ----------  --------------  -------------------
/opt/airflow/dags/stock_pipeline_dag.py                           0           1  0.49s           2026-07-05T15:42:09
================================================================================
[2026-07-05T15:43:00.744+0000] {manager.py:878} INFO - 
================================================================================
DAG File Processing Stats

File Path                                PID    Runtime      # DAGs    # Errors  Last Runtime    Last Run
---------------------------------------  -----  ---------  --------  ----------  --------------  -------------------
/opt/airflow/dags/stock_pipeline_dag.py                           0           1  0.48s           2026-07-05T15:42:40
================================================================================
[2026-07-05T15:43:31.103+0000] {manager.py:878} INFO - 
================================================================================
DAG File Processing Stats

File Path                                PID    Runtime      # DAGs    # Errors  Last Runtime    Last Run
---------------------------------------  -----  ---------  --------  ----------  --------------  -------------------
/opt/airflow/dags/stock_pipeline_dag.py                           0           1  0.45s           2026-07-05T15:43:11
================================================================================
[2026-07-05T15:44:01.128+0000] {manager.py:878} INFO - 
================================================================================
DAG File Processing Stats

File Path                                PID    Runtime      # DAGs    # Errors  Last Runtime    Last Run
---------------------------------------  -----  ---------  --------  ----------  --------------  -------------------
/opt/airflow/dags/stock_pipeline_dag.py                           0           1  0.35s           2026-07-05T15:43:41
================================================================================
[2026-07-05T15:44:31.427+0000] {manager.py:878} INFO - 
================================================================================
DAG File Processing Stats

File Path                                PID    Runtime      # DAGs    # Errors  Last Runtime    Last Run
---------------------------------------  -----  ---------  --------  ----------  --------------  -------------------
/opt/airflow/dags/stock_pipeline_dag.py                           0           1  0.35s           2026-07-05T15:44:12
================================================================================
[2026-07-05T15:45:01.602+0000] {manager.py:878} INFO - 
================================================================================
DAG File Processing Stats

File Path                                PID    Runtime      # DAGs    # Errors  Last Runtime    Last Run
---------------------------------------  -----  ---------  --------  ----------  --------------  -------------------
/opt/airflow/dags/stock_pipeline_dag.py                           0           1  0.49s           2026-07-05T15:44:43
================================================================================
[2026-07-05T15:45:22.236+0000] {manager.py:737} INFO - Searching for files in /opt/airflow/dags
[2026-07-05T15:45:22.303+0000] {manager.py:740} INFO - There are 1 files in /opt/airflow/dags
[2026-07-05T15:45:32.419+0000] {manager.py:878} INFO - 
================================================================================
DAG File Processing Stats

File Path                                PID    Runtime      # DAGs    # Errors  Last Runtime    Last Run
---------------------------------------  -----  ---------  --------  ----------  --------------  -------------------
/opt/airflow/dags/stock_pipeline_dag.py                           0           1  0.49s           2026-07-05T15:45:14
================================================================================
[2026-07-05T15:45:51.924+0000] {manager.py:452} INFO - Exiting gracefully upon receiving signal 15
[2026-07-05T15:46:36.254+0000] {manager.py:470} INFO - Processing files using up to 2 processes at a time 
[2026-07-05T15:46:36.256+0000] {manager.py:471} INFO - Process each file at most once every 30 seconds
[2026-07-05T15:46:36.259+0000] {manager.py:472} INFO - Checking for new files in /opt/airflow/dags every 300 seconds
[2026-07-05T15:46:36.262+0000] {manager.py:737} INFO - Searching for files in /opt/airflow/dags
[2026-07-05T15:46:36.297+0000] {manager.py:740} INFO - There are 1 files in /opt/airflow/dags
[2026-07-05T15:46:36.477+0000] {manager.py:878} INFO - 
================================================================================
DAG File Processing Stats

File Path                                  PID  Runtime      # DAGs    # Errors  Last Runtime    Last Run
---------------------------------------  -----  ---------  --------  ----------  --------------  ----------
/opt/airflow/dags/stock_pipeline_dag.py    218  0.06s             0           0
================================================================================
[2026-07-05T15:47:06.594+0000] {manager.py:878} INFO - 
================================================================================
DAG File Processing Stats

File Path                                PID    Runtime      # DAGs    # Errors  Last Runtime    Last Run
---------------------------------------  -----  ---------  --------  ----------  --------------  -------------------
/opt/airflow/dags/stock_pipeline_dag.py                           1           0  1.92s           2026-07-05T15:46:38
================================================================================
[2026-07-05T15:47:36.802+0000] {manager.py:878} INFO - 
================================================================================
DAG File Processing Stats

File Path                                PID    Runtime      # DAGs    # Errors  Last Runtime    Last Run
---------------------------------------  -----  ---------  --------  ----------  --------------  -------------------
/opt/airflow/dags/stock_pipeline_dag.py                           1           0  0.86s           2026-07-05T15:47:09
================================================================================
[2026-07-05T15:48:07.051+0000] {manager.py:878} INFO - 
================================================================================
DAG File Processing Stats

File Path                                PID    Runtime      # DAGs    # Errors  Last Runtime    Last Run
---------------------------------------  -----  ---------  --------  ----------  --------------  -------------------
/opt/airflow/dags/stock_pipeline_dag.py                           1           0  0.96s           2026-07-05T15:47:40
================================================================================
[2026-07-05T15:48:37.101+0000] {manager.py:878} INFO - 
================================================================================
DAG File Processing Stats

File Path                                PID    Runtime      # DAGs    # Errors  Last Runtime    Last Run
---------------------------------------  -----  ---------  --------  ----------  --------------  -------------------
/opt/airflow/dags/stock_pipeline_dag.py                           1           0  0.77s           2026-07-05T15:48:11
================================================================================
[2026-07-05T15:49:07.293+0000] {manager.py:878} INFO - 
================================================================================
DAG File Processing Stats

File Path                                PID    Runtime      # DAGs    # Errors  Last Runtime    Last Run
---------------------------------------  -----  ---------  --------  ----------  --------------  -------------------
/opt/airflow/dags/stock_pipeline_dag.py                           1           0  0.87s           2026-07-05T15:48:43
================================================================================
[2026-07-05T15:49:37.576+0000] {manager.py:878} INFO - 
================================================================================
DAG File Processing Stats

File Path                                PID    Runtime      # DAGs    # Errors  Last Runtime    Last Run
---------------------------------------  -----  ---------  --------  ----------  --------------  -------------------
/opt/airflow/dags/stock_pipeline_dag.py                           1           0  0.97s           2026-07-05T15:49:14
================================================================================
[2026-07-05T15:50:07.726+0000] {manager.py:878} INFO - 
================================================================================
DAG File Processing Stats

File Path                                PID    Runtime      # DAGs    # Errors  Last Runtime    Last Run
---------------------------------------  -----  ---------  --------  ----------  --------------  -------------------
/opt/airflow/dags/stock_pipeline_dag.py                           1           0  0.91s           2026-07-05T15:49:45
================================================================================
[2026-07-05T15:50:38.006+0000] {manager.py:878} INFO - 
================================================================================
DAG File Processing Stats

File Path                                PID    Runtime      # DAGs    # Errors  Last Runtime    Last Run
---------------------------------------  -----  ---------  --------  ----------  --------------  -------------------
/opt/airflow/dags/stock_pipeline_dag.py                           1           0  1.05s           2026-07-05T15:50:16
================================================================================
[2026-07-05T15:51:08.183+0000] {manager.py:878} INFO - 
================================================================================
DAG File Processing Stats

File Path                                PID    Runtime      # DAGs    # Errors  Last Runtime    Last Run
---------------------------------------  -----  ---------  --------  ----------  --------------  -------------------
/opt/airflow/dags/stock_pipeline_dag.py                           1           0  0.89s           2026-07-05T15:50:47
================================================================================
[2026-07-05T15:51:36.455+0000] {manager.py:737} INFO - Searching for files in /opt/airflow/dags
[2026-07-05T15:51:36.526+0000] {manager.py:740} INFO - There are 1 files in /opt/airflow/dags
[2026-07-05T15:51:38.599+0000] {manager.py:878} INFO - 
================================================================================
DAG File Processing Stats

File Path                                PID    Runtime      # DAGs    # Errors  Last Runtime    Last Run
---------------------------------------  -----  ---------  --------  ----------  --------------  -------------------
/opt/airflow/dags/stock_pipeline_dag.py                           1           0  1.04s           2026-07-05T15:51:19
================================================================================
[2026-07-05T15:52:08.601+0000] {manager.py:878} INFO - 
================================================================================
DAG File Processing Stats

File Path                                PID    Runtime      # DAGs    # Errors  Last Runtime    Last Run
---------------------------------------  -----  ---------  --------  ----------  --------------  -------------------
/opt/airflow/dags/stock_pipeline_dag.py                           1           0  0.72s           2026-07-05T15:51:50
================================================================================
[2026-07-05T15:52:39.156+0000] {manager.py:878} INFO - 
================================================================================
DAG File Processing Stats

File Path                                PID    Runtime      # DAGs    # Errors  Last Runtime    Last Run
---------------------------------------  -----  ---------  --------  ----------  --------------  -------------------
/opt/airflow/dags/stock_pipeline_dag.py                           1           0  0.68s           2026-07-05T15:52:21
================================================================================
[2026-07-05T15:53:09.490+0000] {manager.py:878} INFO - 
================================================================================
DAG File Processing Stats

File Path                                PID    Runtime      # DAGs    # Errors  Last Runtime    Last Run
---------------------------------------  -----  ---------  --------  ----------  --------------  -------------------
/opt/airflow/dags/stock_pipeline_dag.py                           1           0  0.67s           2026-07-05T15:52:52
================================================================================
[2026-07-05T15:53:39.789+0000] {manager.py:878} INFO - 
================================================================================
DAG File Processing Stats

File Path                                PID    Runtime      # DAGs    # Errors  Last Runtime    Last Run
---------------------------------------  -----  ---------  --------  ----------  --------------  -------------------
/opt/airflow/dags/stock_pipeline_dag.py                           1           0  1.00s           2026-07-05T15:53:23
================================================================================
[2026-07-05T15:54:10.077+0000] {manager.py:878} INFO - 
================================================================================
DAG File Processing Stats

File Path                                PID    Runtime      # DAGs    # Errors  Last Runtime    Last Run
---------------------------------------  -----  ---------  --------  ----------  --------------  -------------------
/opt/airflow/dags/stock_pipeline_dag.py                           1           0  0.99s           2026-07-05T15:53:54
================================================================================
[2026-07-05T15:54:40.377+0000] {manager.py:878} INFO - 
================================================================================
DAG File Processing Stats

File Path                                PID    Runtime      # DAGs    # Errors  Last Runtime    Last Run
---------------------------------------  -----  ---------  --------  ----------  --------------  -------------------
/opt/airflow/dags/stock_pipeline_dag.py                           1           0  1.00s           2026-07-05T15:54:26
================================================================================
[2026-07-05T15:55:10.723+0000] {manager.py:878} INFO - 
================================================================================
DAG File Processing Stats

File Path                                PID    Runtime      # DAGs    # Errors  Last Runtime    Last Run
---------------------------------------  -----  ---------  --------  ----------  --------------  -------------------
/opt/airflow/dags/stock_pipeline_dag.py                           1           0  1.06s           2026-07-05T15:54:57
================================================================================
[2026-07-05T15:55:40.912+0000] {manager.py:878} INFO - 
================================================================================
DAG File Processing Stats

File Path                                PID    Runtime      # DAGs    # Errors  Last Runtime    Last Run
---------------------------------------  -----  ---------  --------  ----------  --------------  -------------------
/opt/airflow/dags/stock_pipeline_dag.py                           1           0  0.87s           2026-07-05T15:55:28
================================================================================
[2026-07-05T15:56:11.178+0000] {manager.py:878} INFO - 
================================================================================
DAG File Processing Stats

File Path                                PID    Runtime      # DAGs    # Errors  Last Runtime    Last Run
---------------------------------------  -----  ---------  --------  ----------  --------------  -------------------
/opt/airflow/dags/stock_pipeline_dag.py                           1           0  0.95s           2026-07-05T15:56:00
================================================================================
[2026-07-05T15:56:36.528+0000] {manager.py:737} INFO - Searching for files in /opt/airflow/dags
[2026-07-05T15:56:36.628+0000] {manager.py:740} INFO - There are 1 files in /opt/airflow/dags
[2026-07-05T15:56:41.352+0000] {manager.py:878} INFO - 
================================================================================
DAG File Processing Stats

File Path                                PID    Runtime      # DAGs    # Errors  Last Runtime    Last Run
---------------------------------------  -----  ---------  --------  ----------  --------------  -------------------
/opt/airflow/dags/stock_pipeline_dag.py                           1           0  0.88s           2026-07-05T15:56:31
================================================================================
[2026-07-05T15:57:11.602+0000] {manager.py:878} INFO - 
================================================================================
DAG File Processing Stats

File Path                                PID    Runtime      # DAGs    # Errors  Last Runtime    Last Run
---------------------------------------  -----  ---------  --------  ----------  --------------  -------------------
/opt/airflow/dags/stock_pipeline_dag.py                           1           0  0.95s           2026-07-05T15:57:02
================================================================================
